<!DOCTYPE html PUBLIC "-//W3C//DTD XHTML 1.1//EN" "http://www.w3.org/TR/xhtml11/DTD/xhtml11.dtd">
<html xmlns="http://www.w3.org/1999/xhtml">
<head>
<meta http-equiv="content-type" content="text/html; charset=UTF-8"/>
<title>TestNG Report</title>
<style type="text/css">table {margin-bottom:10px;border-collapse:collapse;empty-cells:show}th,td {border:1px solid #009;padding:.25em .5em}th {vertical-align:bottom}td {vertical-align:top}table a {font-weight:bold}.stripe td {background-color: #E6EBF9}.num {text-align:right}.passedodd td {background-color: #3F3}.passedeven td {background-color: #0A0}.skippedodd td {background-color: #DDD}.skippedeven td {background-color: #CCC}.failedodd td,.attn {background-color: #F33}.failedeven td,.stripe .attn {background-color: #D00}.stacktrace {white-space:pre;font-family:monospace}.totop {font-size:85%;text-align:center;border-bottom:2px solid #000}.invisible {display:none}</style>
</head>
<body>
<table>
<tr><th>Test</th><th># Passed</th><th># Skipped</th><th># Failed</th><th>Time (ms)</th><th>Included Groups</th><th>Excluded Groups</th></tr>
<tr><th colspan="7">Free CRM Test Automation</th></tr>
<tr><td><a href="#t0">Free CRM Test Cases</a></td><td class="num">9</td><td class="num attn">1</td><td class="num attn">1</td><td class="num">429,139</td><td></td><td></td></tr>
</table>
<table id='summary'><thead><tr><th>Class</th><th>Method</th><th>Start</th><th>Time (ms)</th></tr></thead><tbody><tr><th colspan="4">Free CRM Test Automation</th></tr></tbody><tbody id="t0"><tr><th colspan="4">Free CRM Test Cases &#8212; failed (configuration methods)</th></tr><tr class="failedeven"><td rowspan="1">com.crm.qa.testcases.ContactsPageTest</td><td><a href="#m0">setup</a></td><td rowspan="1">1564725279796</td><td rowspan="1">18409</td></tr><tr><th colspan="4">Free CRM Test Cases &#8212; failed</th></tr><tr class="failedeven"><td rowspan="1">com.crm.qa.testcases.ContactsPageTest</td><td><a href="#m1">searchContactName</a></td><td rowspan="1">1564725076916</td><td rowspan="1">20160</td></tr><tr><th colspan="4">Free CRM Test Cases &#8212; skipped (configuration methods)</th></tr><tr class="skippedeven"><td rowspan="1">com.crm.qa.testcases.ContactsPageTest</td><td><a href="#m2">teardown</a></td><td rowspan="1">1564725298216</td><td rowspan="1">0</td></tr><tr><th colspan="4">Free CRM Test Cases &#8212; skipped</th></tr><tr class="skippedeven"><td rowspan="1">com.crm.qa.testcases.ContactsPageTest</td><td><a href="#m3">addNewContact</a></td><td rowspan="1">1564725298210</td><td rowspan="1">0</td></tr><tr><th colspan="4">Free CRM Test Cases &#8212; passed</th></tr><tr class="passedeven"><td rowspan="3">com.crm.qa.testcases.ContactsPageTest</td><td><a href="#m4">addNewContact</a></td><td rowspan="2">1564725268761</td><td rowspan="2">9989</td></tr><tr class="passedeven"><td><a href="#m5">addNewContact</a></td></tr><tr class="passedeven"><td><a href="#m6">verifyConatactsLabel</a></td><td rowspan="1">1564724984673</td><td rowspan="1">242</td></tr><tr class="passedodd"><td rowspan="3">com.crm.qa.testcases.HomePageTest</td><td><a href="#m7">homePageTitleValidate</a></td><td rowspan="1">1564724951694</td><td rowspan="1">28</td></tr><tr class="passedodd"><td><a href="#m8">verifyContactsLinkTest</a></td><td rowspan="1">1564725183636</td><td rowspan="1">2516</td></tr><tr class="passedodd"><td><a href="#m9">verifyUNLabdisp</a></td><td rowspan="1">1564725033767</td><td rowspan="1">3651</td></tr><tr class="passedeven"><td rowspan="3">com.crm.qa.testcases.LoginPageTest</td><td><a href="#m10">login</a></td><td rowspan="1">1564725126709</td><td rowspan="1">22041</td></tr><tr class="passedeven"><td><a href="#m11">validatelogo</a></td><td rowspan="1">1564725001767</td><td rowspan="1">841</td></tr><tr class="passedeven"><td><a href="#m12">validatetitle</a></td><td rowspan="1">1564724912057</td><td rowspan="1">625</td></tr></tbody>
</table>
<h2>Free CRM Test Cases</h2><h3 id="m0">com.crm.qa.testcases.ContactsPageTest#setup</h3><table class="result"><tr><th>Exception</th></tr><tr><td><div class="stacktrace">org.openqa.selenium.NoSuchWindowException: no such window: target window already closed
from unknown error: web view not found
  (Session info: chrome=75.0.3770.142)
Build info: version: &apos;3.141.59&apos;, revision: &apos;e82be7d358&apos;, time: &apos;2018-11-14T08:17:03&apos;
System info: host: &apos;JITHINRAJAN&apos;, ip: &apos;192.168.43.250&apos;, os.name: &apos;Windows 8.1&apos;, os.arch: &apos;amd64&apos;, os.version: &apos;6.3&apos;, java.version: &apos;1.8.0_131&apos;
Driver info: org.openqa.selenium.chrome.ChromeDriver
Capabilities {acceptInsecureCerts: false, browserName: chrome, browserVersion: 75.0.3770.142, chrome: {chromedriverVersion: 75.0.3770.90 (a6dcaf7e3ec6f..., userDataDir: C:\Users\Jithin\AppData\Loc...}, goog:chromeOptions: {debuggerAddress: localhost:53430}, javascriptEnabled: true, networkConnectionEnabled: false, pageLoadStrategy: normal, platform: XP, platformName: XP, proxy: Proxy(), setWindowRect: true, strictFileInteractability: false, timeouts: {implicit: 0, pageLoad: 300000, script: 30000}, unhandledPromptBehavior: dismiss and notify}
Session ID: 5f83708edba8af4ebacabf430cd651f0
*** Element info: {Using=xpath, value=//span[@class=&apos;icon icon-xs mdi-chart-bar&apos;]}
	at org.openqa.selenium.remote.http.W3CHttpResponseCodec.createException(W3CHttpResponseCodec.java:187)
	at org.openqa.selenium.remote.http.W3CHttpResponseCodec.decode(W3CHttpResponseCodec.java:122)
	at org.openqa.selenium.remote.http.W3CHttpResponseCodec.decode(W3CHttpResponseCodec.java:49)
	at org.openqa.selenium.remote.HttpCommandExecutor.execute(HttpCommandExecutor.java:158)
	at org.openqa.selenium.remote.service.DriverCommandExecutor.execute(DriverCommandExecutor.java:83)
	at org.openqa.selenium.remote.RemoteWebDriver.execute(RemoteWebDriver.java:552)
	at org.openqa.selenium.remote.RemoteWebDriver.findElement(RemoteWebDriver.java:323)
	at org.openqa.selenium.remote.RemoteWebDriver.findElementByXPath(RemoteWebDriver.java:428)
	at org.openqa.selenium.By$ByXPath.findElement(By.java:353)
	at org.openqa.selenium.remote.RemoteWebDriver.findElement(RemoteWebDriver.java:315)
	at org.openqa.selenium.support.events.EventFiringWebDriver.lambda$new$1(EventFiringWebDriver.java:105)
	at com.sun.proxy.$Proxy8.findElement(Unknown Source)
	at org.openqa.selenium.support.events.EventFiringWebDriver.findElement(EventFiringWebDriver.java:194)
	at org.openqa.selenium.support.pagefactory.DefaultElementLocator.findElement(DefaultElementLocator.java:69)
	at org.openqa.selenium.support.pagefactory.internal.LocatingElementHandler.invoke(LocatingElementHandler.java:38)
	at com.sun.proxy.$Proxy12.click(Unknown Source)
	at com.crm.qa.pages.LoginPage.Login(LoginPage.java:51)
	at com.crm.qa.testcases.ContactsPageTest.setup(ContactsPageTest.java:35)
... Removed 35 stack frames</div></td></tr></table><p class="totop"><a href="#summary">back to summary</a></p>
<h3 id="m1">com.crm.qa.testcases.ContactsPageTest#searchContactName</h3><table class="result"><tr><th>Exception</th></tr><tr><td><div class="stacktrace">org.openqa.selenium.NoSuchElementException: no such element: Unable to locate element: {&quot;method&quot;:&quot;xpath&quot;,&quot;selector&quot;:&quot;//td[contains(text(), &apos;Test2 Test2&apos;)]&quot;}
  (Session info: chrome=75.0.3770.142)
For documentation on this error, please visit: https://www.seleniumhq.org/exceptions/no_such_element.html
Build info: version: &apos;3.141.59&apos;, revision: &apos;e82be7d358&apos;, time: &apos;2018-11-14T08:17:03&apos;
System info: host: &apos;JITHINRAJAN&apos;, ip: &apos;192.168.43.250&apos;, os.name: &apos;Windows 8.1&apos;, os.arch: &apos;amd64&apos;, os.version: &apos;6.3&apos;, java.version: &apos;1.8.0_131&apos;
Driver info: org.openqa.selenium.chrome.ChromeDriver
Capabilities {acceptInsecureCerts: false, browserName: chrome, browserVersion: 75.0.3770.142, chrome: {chromedriverVersion: 75.0.3770.90 (a6dcaf7e3ec6f..., userDataDir: C:\Users\Jithin\AppData\Loc...}, goog:chromeOptions: {debuggerAddress: localhost:53044}, javascriptEnabled: true, networkConnectionEnabled: false, pageLoadStrategy: normal, platform: XP, platformName: XP, proxy: Proxy(), setWindowRect: true, strictFileInteractability: false, timeouts: {implicit: 0, pageLoad: 300000, script: 30000}, unhandledPromptBehavior: dismiss and notify}
Session ID: 9306676dfad509e25f08eb6ef6c8a94b
*** Element info: {Using=xpath, value=//td[contains(text(), &apos;Test2 Test2&apos;)]}
	at org.openqa.selenium.remote.http.W3CHttpResponseCodec.createException(W3CHttpResponseCodec.java:187)
	at org.openqa.selenium.remote.http.W3CHttpResponseCodec.decode(W3CHttpResponseCodec.java:122)
	at org.openqa.selenium.remote.http.W3CHttpResponseCodec.decode(W3CHttpResponseCodec.java:49)
	at org.openqa.selenium.remote.HttpCommandExecutor.execute(HttpCommandExecutor.java:158)
	at org.openqa.selenium.remote.service.DriverCommandExecutor.execute(DriverCommandExecutor.java:83)
	at org.openqa.selenium.remote.RemoteWebDriver.execute(RemoteWebDriver.java:552)
	at org.openqa.selenium.remote.RemoteWebDriver.findElement(RemoteWebDriver.java:323)
	at org.openqa.selenium.remote.RemoteWebDriver.findElementByXPath(RemoteWebDriver.java:428)
	at org.openqa.selenium.By$ByXPath.findElement(By.java:353)
	at org.openqa.selenium.remote.RemoteWebDriver.findElement(RemoteWebDriver.java:315)
	at org.openqa.selenium.support.events.EventFiringWebDriver.lambda$new$1(EventFiringWebDriver.java:105)
	at com.sun.proxy.$Proxy8.findElement(Unknown Source)
	at org.openqa.selenium.support.events.EventFiringWebDriver.findElement(EventFiringWebDriver.java:194)
	at com.crm.qa.pages.ContactsPage.contactName(ContactsPage.java:84)
	at com.crm.qa.testcases.ContactsPageTest.searchContactName(ContactsPageTest.java:48)
... Removed 32 stack frames</div></td></tr></table><p class="totop"><a href="#summary">back to summary</a></p>
<h3 id="m2">com.crm.qa.testcases.ContactsPageTest#teardown</h3><table class="result"><tr><th class="invisible"/></tr></table><p class="totop"><a href="#summary">back to summary</a></p>
<h3 id="m3">com.crm.qa.testcases.ContactsPageTest#addNewContact</h3><table class="result"><tr><th>Exception</th></tr><tr><td><div class="stacktrace">org.openqa.selenium.NoSuchWindowException: no such window: target window already closed
from unknown error: web view not found
  (Session info: chrome=75.0.3770.142)
Build info: version: &apos;3.141.59&apos;, revision: &apos;e82be7d358&apos;, time: &apos;2018-11-14T08:17:03&apos;
System info: host: &apos;JITHINRAJAN&apos;, ip: &apos;192.168.43.250&apos;, os.name: &apos;Windows 8.1&apos;, os.arch: &apos;amd64&apos;, os.version: &apos;6.3&apos;, java.version: &apos;1.8.0_131&apos;
Driver info: org.openqa.selenium.chrome.ChromeDriver
Capabilities {acceptInsecureCerts: false, browserName: chrome, browserVersion: 75.0.3770.142, chrome: {chromedriverVersion: 75.0.3770.90 (a6dcaf7e3ec6f..., userDataDir: C:\Users\Jithin\AppData\Loc...}, goog:chromeOptions: {debuggerAddress: localhost:53430}, javascriptEnabled: true, networkConnectionEnabled: false, pageLoadStrategy: normal, platform: XP, platformName: XP, proxy: Proxy(), setWindowRect: true, strictFileInteractability: false, timeouts: {implicit: 0, pageLoad: 300000, script: 30000}, unhandledPromptBehavior: dismiss and notify}
Session ID: 5f83708edba8af4ebacabf430cd651f0
*** Element info: {Using=xpath, value=//span[@class=&apos;icon icon-xs mdi-chart-bar&apos;]}
	at org.openqa.selenium.remote.http.W3CHttpResponseCodec.createException(W3CHttpResponseCodec.java:187)
	at org.openqa.selenium.remote.http.W3CHttpResponseCodec.decode(W3CHttpResponseCodec.java:122)
	at org.openqa.selenium.remote.http.W3CHttpResponseCodec.decode(W3CHttpResponseCodec.java:49)
	at org.openqa.selenium.remote.HttpCommandExecutor.execute(HttpCommandExecutor.java:158)
	at org.openqa.selenium.remote.service.DriverCommandExecutor.execute(DriverCommandExecutor.java:83)
	at org.openqa.selenium.remote.RemoteWebDriver.execute(RemoteWebDriver.java:552)
	at org.openqa.selenium.remote.RemoteWebDriver.findElement(RemoteWebDriver.java:323)
	at org.openqa.selenium.remote.RemoteWebDriver.findElementByXPath(RemoteWebDriver.java:428)
	at org.openqa.selenium.By$ByXPath.findElement(By.java:353)
	at org.openqa.selenium.remote.RemoteWebDriver.findElement(RemoteWebDriver.java:315)
	at org.openqa.selenium.support.events.EventFiringWebDriver.lambda$new$1(EventFiringWebDriver.java:105)
	at com.sun.proxy.$Proxy8.findElement(Unknown Source)
	at org.openqa.selenium.support.events.EventFiringWebDriver.findElement(EventFiringWebDriver.java:194)
	at org.openqa.selenium.support.pagefactory.DefaultElementLocator.findElement(DefaultElementLocator.java:69)
	at org.openqa.selenium.support.pagefactory.internal.LocatingElementHandler.invoke(LocatingElementHandler.java:38)
	at com.sun.proxy.$Proxy12.click(Unknown Source)
	at com.crm.qa.pages.LoginPage.Login(LoginPage.java:51)
	at com.crm.qa.testcases.ContactsPageTest.setup(ContactsPageTest.java:35)
... Removed 35 stack frames</div></td></tr></table><p class="totop"><a href="#summary">back to summary</a></p>
<h3 id="m4">com.crm.qa.testcases.ContactsPageTest#addNewContact</h3><table class="result"><tr class="param"><th>Parameter #1</th><th>Parameter #2</th><th>Parameter #3</th><th>Parameter #4</th><th>Parameter #5</th><th>Parameter #6</th><th>Parameter #7</th></tr><tr class="param stripe"><td>Suhail</td><td>PK</td><td>Infosys</td><td>abc@gmail.com</td><td>Facebook</td><td>abc@gmail.com</td><td>Canada</td></tr></table><p class="totop"><a href="#summary">back to summary</a></p>
<h3 id="m5">com.crm.qa.testcases.ContactsPageTest#addNewContact</h3><table class="result"><tr class="param"><th>Parameter #1</th><th>Parameter #2</th><th>Parameter #3</th><th>Parameter #4</th><th>Parameter #5</th><th>Parameter #6</th><th>Parameter #7</th></tr><tr class="param stripe"><td>Jithin</td><td>Rajan</td><td>Ksystems</td><td>abc@gmail.com</td><td>Facebook</td><td>abc@gmail.com</td><td>India</td></tr></table><p class="totop"><a href="#summary">back to summary</a></p>
<h3 id="m6">com.crm.qa.testcases.ContactsPageTest#verifyConatactsLabel</h3><table class="result"><tr><th class="invisible"/></tr></table><p class="totop"><a href="#summary">back to summary</a></p>
<h3 id="m7">com.crm.qa.testcases.HomePageTest#homePageTitleValidate</h3><table class="result"><tr><th class="invisible"/></tr></table><p class="totop"><a href="#summary">back to summary</a></p>
<h3 id="m8">com.crm.qa.testcases.HomePageTest#verifyContactsLinkTest</h3><table class="result"><tr><th class="invisible"/></tr></table><p class="totop"><a href="#summary">back to summary</a></p>
<h3 id="m9">com.crm.qa.testcases.HomePageTest#verifyUNLabdisp</h3><table class="result"><tr><th class="invisible"/></tr></table><p class="totop"><a href="#summary">back to summary</a></p>
<h3 id="m10">com.crm.qa.testcases.LoginPageTest#login</h3><table class="result"><tr><th class="invisible"/></tr></table><p class="totop"><a href="#summary">back to summary</a></p>
<h3 id="m11">com.crm.qa.testcases.LoginPageTest#validatelogo</h3><table class="result"><tr><th class="invisible"/></tr></table><p class="totop"><a href="#summary">back to summary</a></p>
<h3 id="m12">com.crm.qa.testcases.LoginPageTest#validatetitle</h3><table class="result"><tr><th class="invisible"/></tr></table><p class="totop"><a href="#summary">back to summary</a></p>
</body>
</html>
